Release 13.4 - xst O.87xd (lin64)
Copyright (c) 1995-2011 Xilinx, Inc.  All rights reserved.
--> 
Parameter TMPDIR set to xst/projnav.tmp


Total REAL time to Xst completion: 0.00 secs
Total CPU time to Xst completion: 0.07 secs
 
--> 
Parameter xsthdpdir set to xst


Total REAL time to Xst completion: 0.00 secs
Total CPU time to Xst completion: 0.07 secs
 
--> 
Reading design: keygeneration.prj

TABLE OF CONTENTS
  1) Synthesis Options Summary
  2) HDL Compilation
  3) Design Hierarchy Analysis
  4) HDL Analysis
  5) HDL Synthesis
     5.1) HDL Synthesis Report
  6) Advanced HDL Synthesis
     6.1) Advanced HDL Synthesis Report
  7) Low Level Synthesis
  8) Partition Report
  9) Final Report
	9.1) Device utilization summary
	9.2) Partition Resource Summary
	9.3) TIMING REPORT


=========================================================================
*                      Synthesis Options Summary                        *
=========================================================================
---- Source Parameters
Input File Name                    : "keygeneration.prj"
Input Format                       : mixed
Ignore Synthesis Constraint File   : NO

---- Target Parameters
Output File Name                   : "keygeneration"
Output Format                      : NGC
Target Device                      : xc3s500e-5-fg320

---- Source Options
Top Module Name                    : keygeneration
Automatic FSM Extraction           : YES
FSM Encoding Algorithm             : Auto
Safe Implementation                : No
FSM Style                          : LUT
RAM Extraction                     : Yes
RAM Style                          : Auto
ROM Extraction                     : Yes
Mux Style                          : Auto
Decoder Extraction                 : YES
Priority Encoder Extraction        : Yes
Shift Register Extraction          : YES
Logical Shifter Extraction         : YES
XOR Collapsing                     : YES
ROM Style                          : Auto
Mux Extraction                     : Yes
Resource Sharing                   : YES
Asynchronous To Synchronous        : NO
Multiplier Style                   : Auto
Automatic Register Balancing       : No

---- Target Options
Add IO Buffers                     : YES
Global Maximum Fanout              : 100000
Add Generic Clock Buffer(BUFG)     : 24
Register Duplication               : YES
Slice Packing                      : YES
Optimize Instantiated Primitives   : NO
Use Clock Enable                   : Yes
Use Synchronous Set                : Yes
Use Synchronous Reset              : Yes
Pack IO Registers into IOBs        : Auto
Equivalent register Removal        : YES

---- General Options
Optimization Goal                  : Speed
Optimization Effort                : 1
Keep Hierarchy                     : No
Netlist Hierarchy                  : As_Optimized
RTL Output                         : Yes
Global Optimization                : AllClockNets
Read Cores                         : YES
Write Timing Constraints           : NO
Cross Clock Analysis               : NO
Hierarchy Separator                : /
Bus Delimiter                      : <>
Case Specifier                     : Maintain
Slice Utilization Ratio            : 100
BRAM Utilization Ratio             : 100
Verilog 2001                       : YES
Auto BRAM Packing                  : NO
Slice Utilization Ratio Delta      : 5

=========================================================================


=========================================================================
*                          HDL Compilation                              *
=========================================================================
Compiling verilog file "sbox.v" in library work
Compiling verilog file "keygeneration.v" in library work
Module <sbox> compiled
Module <keygeneration> compiled
No errors in compilation
Analysis of file <"keygeneration.prj"> succeeded.
 

=========================================================================
*                     Design Hierarchy Analysis                         *
=========================================================================
Analyzing hierarchy for module <keygeneration> in library <work>.

Analyzing hierarchy for module <sbox> in library <work>.


=========================================================================
*                            HDL Analysis                               *
=========================================================================
Analyzing top module <keygeneration>.
	Calling function <rcon>.
	Calling function <rcon>.
	Calling function <rcon>.
	Calling function <rcon>.
Module <keygeneration> is correct for synthesis.
 
Analyzing module <sbox> in library <work>.
Module <sbox> is correct for synthesis.
 

=========================================================================
*                           HDL Synthesis                               *
=========================================================================

Performing bidirectional port resolution...

Synthesizing Unit <sbox>.
    Related source file is "sbox.v".
    Found 256x8-bit ROM for signal <c>.
    Summary:
	inferred   1 ROM(s).
Unit <sbox> synthesized.


Synthesizing Unit <keygeneration>.
    Related source file is "keygeneration.v".
    Found 16x128-bit ROM for signal <rn$rom0000>.
    Found 32-bit xor3 for signal <kout<127:96>>.
    Found 1-bit xor3 for signal <kout<95>>.
    Found 31-bit xor2 for signal <kout<94:64>>.
    Found 1-bit xor2 for signal <kout<63>>.
    Found 31-bit xor3 for signal <kout<62:32>>.
    Found 1-bit xor3 for signal <kout<31>>.
    Found 31-bit xor3 for signal <kout<30:0>>.
    Found 1-bit xor2 for signal <kout_100$xor0000> created at line 38.
    Found 1-bit xor2 for signal <kout_101$xor0000> created at line 38.
    Found 1-bit xor2 for signal <kout_102$xor0000> created at line 38.
    Found 1-bit xor2 for signal <kout_103$xor0000> created at line 38.
    Found 1-bit xor2 for signal <kout_104$xor0000> created at line 38.
    Found 1-bit xor2 for signal <kout_105$xor0000> created at line 38.
    Found 1-bit xor2 for signal <kout_106$xor0000> created at line 38.
    Found 1-bit xor2 for signal <kout_107$xor0000> created at line 38.
    Found 1-bit xor2 for signal <kout_108$xor0000> created at line 38.
    Found 1-bit xor2 for signal <kout_109$xor0000> created at line 38.
    Found 1-bit xor2 for signal <kout_110$xor0000> created at line 38.
    Found 1-bit xor2 for signal <kout_111$xor0000> created at line 38.
    Found 1-bit xor2 for signal <kout_112$xor0000> created at line 38.
    Found 1-bit xor2 for signal <kout_113$xor0000> created at line 38.
    Found 1-bit xor2 for signal <kout_114$xor0000> created at line 38.
    Found 1-bit xor2 for signal <kout_115$xor0000> created at line 38.
    Found 1-bit xor2 for signal <kout_116$xor0000> created at line 38.
    Found 1-bit xor2 for signal <kout_117$xor0000> created at line 38.
    Found 1-bit xor2 for signal <kout_118$xor0000> created at line 38.
    Found 1-bit xor2 for signal <kout_119$xor0000> created at line 38.
    Found 1-bit xor2 for signal <kout_120$xor0000> created at line 38.
    Found 1-bit xor2 for signal <kout_121$xor0000> created at line 38.
    Found 1-bit xor2 for signal <kout_122$xor0000> created at line 38.
    Found 1-bit xor2 for signal <kout_123$xor0000> created at line 38.
    Found 1-bit xor2 for signal <kout_124$xor0000> created at line 38.
    Found 1-bit xor2 for signal <kout_125$xor0000> created at line 38.
    Found 1-bit xor2 for signal <kout_126$xor0000> created at line 38.
    Found 1-bit xor2 for signal <kout_127$xor0000> created at line 38.
    Found 1-bit xor3 for signal <kout_32$xor0000> created at line 40.
    Found 1-bit xor3 for signal <kout_33$xor0000> created at line 40.
    Found 1-bit xor3 for signal <kout_34$xor0000> created at line 40.
    Found 1-bit xor3 for signal <kout_35$xor0000> created at line 40.
    Found 1-bit xor3 for signal <kout_36$xor0000> created at line 40.
    Found 1-bit xor3 for signal <kout_37$xor0000> created at line 40.
    Found 1-bit xor3 for signal <kout_38$xor0000> created at line 40.
    Found 1-bit xor3 for signal <kout_39$xor0000> created at line 40.
    Found 1-bit xor3 for signal <kout_40$xor0000> created at line 40.
    Found 1-bit xor3 for signal <kout_41$xor0000> created at line 40.
    Found 1-bit xor3 for signal <kout_42$xor0000> created at line 40.
    Found 1-bit xor3 for signal <kout_43$xor0000> created at line 40.
    Found 1-bit xor3 for signal <kout_44$xor0000> created at line 40.
    Found 1-bit xor3 for signal <kout_45$xor0000> created at line 40.
    Found 1-bit xor3 for signal <kout_46$xor0000> created at line 40.
    Found 1-bit xor3 for signal <kout_47$xor0000> created at line 40.
    Found 1-bit xor3 for signal <kout_48$xor0000> created at line 40.
    Found 1-bit xor3 for signal <kout_49$xor0000> created at line 40.
    Found 1-bit xor3 for signal <kout_50$xor0000> created at line 40.
    Found 1-bit xor3 for signal <kout_51$xor0000> created at line 40.
    Found 1-bit xor3 for signal <kout_52$xor0000> created at line 40.
    Found 1-bit xor3 for signal <kout_53$xor0000> created at line 40.
    Found 1-bit xor3 for signal <kout_54$xor0000> created at line 40.
    Found 1-bit xor3 for signal <kout_55$xor0000> created at line 40.
    Found 1-bit xor3 for signal <kout_56$xor0000> created at line 40.
    Found 1-bit xor3 for signal <kout_57$xor0000> created at line 40.
    Found 1-bit xor3 for signal <kout_58$xor0000> created at line 40.
    Found 1-bit xor3 for signal <kout_59$xor0000> created at line 40.
    Found 1-bit xor3 for signal <kout_60$xor0000> created at line 40.
    Found 1-bit xor3 for signal <kout_61$xor0000> created at line 40.
    Found 1-bit xor3 for signal <kout_62$xor0000> created at line 40.
    Found 1-bit xor3 for signal <kout_63$xor0000> created at line 40.
    Found 1-bit xor2 for signal <kout_96$xor0000> created at line 38.
    Found 1-bit xor2 for signal <kout_97$xor0000> created at line 38.
    Found 1-bit xor2 for signal <kout_98$xor0000> created at line 38.
    Found 1-bit xor2 for signal <kout_99$xor0000> created at line 38.
    Summary:
	inferred   1 ROM(s).
	inferred  96 Xor(s).
Unit <keygeneration> synthesized.


=========================================================================
HDL Synthesis Report

Macro Statistics
# ROMs                                                 : 5
 16x128-bit ROM                                        : 1
 256x8-bit ROM                                         : 4
# Xors                                                 : 192
 1-bit xor2                                            : 96
 1-bit xor3                                            : 96

=========================================================================

=========================================================================
*                       Advanced HDL Synthesis                          *
=========================================================================


=========================================================================
Advanced HDL Synthesis Report

Macro Statistics
# ROMs                                                 : 5
 16x128-bit ROM                                        : 1
 256x8-bit ROM                                         : 4
# Xors                                                 : 192
 1-bit xor2                                            : 96
 1-bit xor3                                            : 96

=========================================================================

=========================================================================
*                         Low Level Synthesis                           *
=========================================================================

Optimizing unit <keygeneration> ...

Mapping all equations...
Building and optimizing final netlist ...
Found area constraint ratio of 100 (+ 5) on block keygeneration, actual ratio is 7.

Final Macro Processing ...

=========================================================================
Final Register Report

Found no macro
=========================================================================

=========================================================================
*                           Partition Report                            *
=========================================================================

Partition Implementation Status
-------------------------------

  No Partitions were found in this design.

-------------------------------

=========================================================================
*                            Final Report                               *
=========================================================================
Final Results
RTL Top Level Output File Name     : keygeneration.ngr
Top Level Output File Name         : keygeneration
Output Format                      : NGC
Optimization Goal                  : Speed
Keep Hierarchy                     : No

Design Statistics
# IOs                              : 260

Cell Usage :
# BELS                             : 1144
#      LUT2                        : 33
#      LUT3                        : 36
#      LUT4                        : 587
#      MUXF5                       : 264
#      MUXF6                       : 128
#      MUXF7                       : 64
#      MUXF8                       : 32
# IO Buffers                       : 260
#      IBUF                        : 132
#      OBUF                        : 128
=========================================================================

Device utilization summary:
---------------------------

Selected Device : 3s500efg320-5 

 Number of Slices:                      337  out of   4656     7%  
 Number of 4 input LUTs:                656  out of   9312     7%  
 Number of IOs:                         260
 Number of bonded IOBs:                 260  out of    232   112% (*) 

WARNING:Xst:1336 -  (*) More than 100% of Device resources are used

---------------------------
Partition Resource Summary:
---------------------------

  No Partitions were found in this design.

---------------------------


=========================================================================
TIMING REPORT

NOTE: THESE TIMING NUMBERS ARE ONLY A SYNTHESIS ESTIMATE.
      FOR ACCURATE TIMING INFORMATION PLEASE REFER TO THE TRACE REPORT
      GENERATED AFTER PLACE-and-ROUTE.

Clock Information:
------------------
No clock signals found in this design

Asynchronous Control Signals Information:
----------------------------------------
No asynchronous control signals found in this design

Timing Summary:
---------------
Speed Grade: -5

   Minimum period: No path found
   Minimum input arrival time before clock: No path found
   Maximum output required time after clock: No path found
   Maximum combinational path delay: 10.606ns

Timing Detail:
--------------
All values displayed in nanoseconds (ns)

=========================================================================
Timing constraint: Default path analysis
  Total number of paths / destination ports: 11848 / 128
-------------------------------------------------------------------------
Delay:               10.606ns (Levels of Logic = 10)
  Source:            kin<18> (PAD)
  Destination:       kout<31> (PAD)

  Data Path: kin<18> to kout<31>
                                Gate     Net
    Cell:in->out      fanout   Delay   Delay  Logical Name (Net Name)
    ----------------------------------------  ------------
     IBUF:I->O           129   1.106   1.251  kin_18_IBUF (kin_18_IBUF)
     LUT4:I0->O            1   0.612   0.000  a1/Mrom_c1 (a1/Mrom_c)
     MUXF5:I1->O           1   0.278   0.000  a1/Mrom_c_f5 (a1/Mrom_c_f5)
     MUXF6:I1->O           1   0.451   0.000  a1/Mrom_c_f6 (a1/Mrom_c_f6)
     MUXF7:I1->O           1   0.451   0.000  a1/Mrom_c_f7 (a1/Mrom_c_f7)
     MUXF8:I1->O           4   0.451   0.529  a1/Mrom_c_f8 (a1/Mrom_c16)
     LUT4:I2->O            1   0.612   0.000  Mxor_kout<56>_Result11 (Mxor_kout<56>_Result1)
     MUXF5:I1->O           2   0.278   0.449  Mxor_kout<56>_Result1_f5 (kout_56_OBUF)
     LUT2:I1->O            1   0.612   0.357  Mxor_kout<24>_xo<0>1 (kout_24_OBUF)
     OBUF:I->O                 3.169          kout_24_OBUF (kout<24>)
    ----------------------------------------
    Total                     10.606ns (8.020ns logic, 2.586ns route)
                                       (75.6% logic, 24.4% route)

=========================================================================


Total REAL time to Xst completion: 12.00 secs
Total CPU time to Xst completion: 11.90 secs
 
--> 


Total memory usage is 532532 kilobytes

Number of errors   :    0 (   0 filtered)
Number of warnings :    1 (   0 filtered)
Number of infos    :    0 (   0 filtered)

